<?xml version="1.0" encoding="UTF-8"?>
<testng-results skipped="0" failed="0" ignored="0" total="1" passed="1">
  <reporter-output>
  </reporter-output>
  <suite name="Default suite" duration-ms="2072" started-at="2017-12-04T12:20:50Z" finished-at="2017-12-04T12:20:52Z">
    <groups>
    </groups>
    <test name="Default test" duration-ms="2072" started-at="2017-12-04T12:20:50Z" finished-at="2017-12-04T12:20:52Z">
      <class name="advacnedExample.JasonServerRequest">
        <test-method status="PASS" signature="test_01()[pri:0, instance:advacnedExample.JasonServerRequest@28feb3fa]" name="test_01" duration-ms="2045" started-at="2017-12-04T17:50:50Z" finished-at="2017-12-04T17:50:52Z">
          <reporter-output>
          </reporter-output>
        </test-method> <!-- test_01 -->
      </class> <!-- advacnedExample.JasonServerRequest -->
    </test> <!-- Default test -->
  </suite> <!-- Default suite -->
</testng-results>
